<?xml version="1.0" encoding="UTF-8"?>
<!-- Generated by org.testng.reporters.JUnitXMLReporter -->
<testsuite hostname="Tyss-SR-021" ignored="0" name="Default test" tests="3" failures="0" timestamp="2021-05-26T12:41:41 IST" time="19.581" errors="0">
  <testcase name="testValidLogin" time="17.502" classname="testngtopic.TC004"/>
  <testcase name="testValidLogin" time="18.109" classname="testngtopic.TC004"/>
  <testcase name="testValidLogin" time="19.396" classname="testngtopic.TC004"/>
</testsuite> <!-- Default test -->
