<?xml version="1.0" encoding="UTF-8"?>
<!-- Generated by org.testng.reporters.JUnitXMLReporter -->
<testsuite hostname="Tyss-SR-021" ignored="0" name="Test" tests="3" failures="0" timestamp="2021-05-26T13:54:53 IST" time="67.652" errors="0">
  <testcase name="testValidLogin" time="28.932" classname="testngtopic.TC003"/>
  <testcase name="testValidLogin" time="18.704" classname="testngtopic.TC002"/>
  <testcase name="testValidLogin" time="19.796" classname="testngtopic.TC002"/>
</testsuite> <!-- Test -->
